Main - INFO - ======= SETUP =======
Main - INFO - Input dir is: /dtu-compute/mibaj/Golden-car-simulation-August-2020/train-val-test-normalized-split-into-windows-size-10
Main - INFO - Output dir is: /dtu-compute/mibaj/Golden-car-simulation-August-2020/results/windowsize_10_speedrange_40_40.5_LSTM_encoder_decoder_acc_attn_cuda
Main - INFO - Model: lstm_encdec_with_attn
Main - INFO - Window size: 10
Main - INFO - Speed filter: [40, 40.5]
Main - INFO - Device: cuda
Main - INFO - ====================

Main - INFO - Starting preparing the data.

Main - INFO - Max length: 271
Main - INFO - Data preparing done.

Main - INFO - =========== EPOCH: 0 =========== 
Main - INFO - === Training..
Main - INFO - === Validating..
Main - INFO - Epoch: 0/50, Train Loss: 0.0005698,  Valid Loss: 0.0005698
Main - INFO - =========== EPOCH: 1 =========== 
Main - INFO - === Training..
Main - INFO - === Validating..
Main - INFO - Epoch: 1/50, Train Loss: 0.0001327,  Valid Loss: 0.0001327
Main - INFO - =========== EPOCH: 2 =========== 
Main - INFO - === Training..
Main - INFO - === Validating..
Main - INFO - Epoch: 2/50, Train Loss: 0.0001314,  Valid Loss: 0.0001314
Main - INFO - =========== EPOCH: 3 =========== 
Main - INFO - === Training..
Main - INFO - === Validating..
Main - INFO - Epoch: 3/50, Train Loss: 0.0001309,  Valid Loss: 0.0001309
Main - INFO - =========== EPOCH: 4 =========== 
Main - INFO - === Training..
Main - INFO - === Validating..
Main - INFO - Epoch: 4/50, Train Loss: 0.0001302,  Valid Loss: 0.0001302
Main - INFO - =========== EPOCH: 5 =========== 
Main - INFO - === Training..
Main - INFO - === Validating..
Main - INFO - Epoch: 5/50, Train Loss: 0.0001298,  Valid Loss: 0.0001298
Main - INFO - =========== EPOCH: 6 =========== 
Main - INFO - === Training..
Main - INFO - === Validating..
Main - INFO - Epoch: 6/50, Train Loss: 0.0001296,  Valid Loss: 0.0001296
Main - INFO - =========== EPOCH: 7 =========== 
Main - INFO - === Training..
Main - INFO - === Validating..
Main - INFO - Epoch: 7/50, Train Loss: 0.0001294,  Valid Loss: 0.0001294
Main - INFO - =========== EPOCH: 8 =========== 
Main - INFO - === Training..
Main - INFO - === Validating..
Main - INFO - Epoch: 8/50, Train Loss: 0.0001290,  Valid Loss: 0.0001290
Main - INFO - =========== EPOCH: 9 =========== 
Main - INFO - === Training..
Main - INFO - === Validating..
Main - INFO - Epoch: 9/50, Train Loss: 0.0001290,  Valid Loss: 0.0001290
Main - INFO - =========== EPOCH: 10 =========== 
Main - INFO - === Training..
Main - INFO - === Validating..
Main - INFO - Epoch: 10/50, Train Loss: 0.0001293,  Valid Loss: 0.0001293
Main - INFO - =========== EPOCH: 11 =========== 
Main - INFO - === Training..
Main - INFO - === Validating..
Main - INFO - Epoch: 11/50, Train Loss: 0.0001294,  Valid Loss: 0.0001294
Main - INFO - =========== EPOCH: 12 =========== 
Main - INFO - === Training..
Main - INFO - === Validating..
Main - INFO - Epoch: 12/50, Train Loss: 0.0001291,  Valid Loss: 0.0001291
Main - INFO - =========== EPOCH: 13 =========== 
Main - INFO - === Training..
Main - INFO - === Validating..
Main - INFO - Epoch: 13/50, Train Loss: 0.0001292,  Valid Loss: 0.0001292
Main - INFO - =========== EPOCH: 14 =========== 
Main - INFO - === Training..
Main - INFO - === Validating..
Main - INFO - Epoch: 14/50, Train Loss: 0.0001290,  Valid Loss: 0.0001290
Main - INFO - =========== EPOCH: 15 =========== 
Main - INFO - === Training..
Main - INFO - === Validating..
Main - INFO - Epoch: 15/50, Train Loss: 0.0001287,  Valid Loss: 0.0001287
Main - INFO - =========== EPOCH: 16 =========== 
Main - INFO - === Training..
Main - INFO - === Validating..
Main - INFO - Epoch: 16/50, Train Loss: 0.0001290,  Valid Loss: 0.0001290
Main - INFO - =========== EPOCH: 17 =========== 
Main - INFO - === Training..
Main - INFO - === Validating..
Main - INFO - Epoch: 17/50, Train Loss: 0.0001290,  Valid Loss: 0.0001290
Main - INFO - =========== EPOCH: 18 =========== 
Main - INFO - === Training..
Main - INFO - === Validating..
Main - INFO - Epoch: 18/50, Train Loss: 0.0001291,  Valid Loss: 0.0001291
Main - INFO - =========== EPOCH: 19 =========== 
Main - INFO - === Training..
Main - INFO - === Validating..
Main - INFO - Epoch: 19/50, Train Loss: 0.0001291,  Valid Loss: 0.0001291
Main - INFO - =========== EPOCH: 20 =========== 
Main - INFO - === Training..
Main - INFO - === Validating..
Main - INFO - Epoch: 20/50, Train Loss: 0.0001291,  Valid Loss: 0.0001291
Main - INFO - =========== EPOCH: 21 =========== 
Main - INFO - === Training..
Main - INFO - === Validating..
Main - INFO - Epoch: 21/50, Train Loss: 0.0001290,  Valid Loss: 0.0001290
Main - INFO - =========== EPOCH: 22 =========== 
Main - INFO - === Training..
Main - INFO - === Validating..
Main - INFO - Epoch: 22/50, Train Loss: 0.0001290,  Valid Loss: 0.0001290
Main - INFO - =========== EPOCH: 23 =========== 
Main - INFO - === Training..
Main - INFO - === Validating..
Main - INFO - Epoch: 23/50, Train Loss: 0.0001289,  Valid Loss: 0.0001289
Main - INFO - =========== EPOCH: 24 =========== 
Main - INFO - === Training..
Main - INFO - === Validating..
Main - INFO - Epoch: 24/50, Train Loss: 0.0001288,  Valid Loss: 0.0001288
Main - INFO - =========== EPOCH: 25 =========== 
Main - INFO - === Training..
Main - INFO - === Validating..
Main - INFO - Epoch: 25/50, Train Loss: 0.0001288,  Valid Loss: 0.0001288
Main - INFO - =========== EPOCH: 26 =========== 
Main - INFO - === Training..
Main - INFO - === Validating..
Main - INFO - Epoch: 26/50, Train Loss: 0.0001287,  Valid Loss: 0.0001287
Main - INFO - =========== EPOCH: 27 =========== 
Main - INFO - === Training..
Main - INFO - === Validating..
Main - INFO - Epoch: 27/50, Train Loss: 0.0001286,  Valid Loss: 0.0001286
Main - INFO - =========== EPOCH: 28 =========== 
Main - INFO - === Training..
Main - INFO - === Validating..
Main - INFO - Epoch: 28/50, Train Loss: 0.0001286,  Valid Loss: 0.0001286
Main - INFO - =========== EPOCH: 29 =========== 
Main - INFO - === Training..
Main - INFO - === Validating..
Main - INFO - Epoch: 29/50, Train Loss: 0.0001285,  Valid Loss: 0.0001285
Main - INFO - =========== EPOCH: 30 =========== 
Main - INFO - === Training..
Main - INFO - === Validating..
Main - INFO - Epoch: 30/50, Train Loss: 0.0001264,  Valid Loss: 0.0001264
Main - INFO - =========== EPOCH: 31 =========== 
Main - INFO - === Training..
Main - INFO - === Validating..
Main - INFO - Epoch: 31/50, Train Loss: 0.0001261,  Valid Loss: 0.0001261
Main - INFO - =========== EPOCH: 32 =========== 
Main - INFO - === Training..
Main - INFO - === Validating..
Main - INFO - Epoch: 32/50, Train Loss: 0.0001260,  Valid Loss: 0.0001260
Main - INFO - =========== EPOCH: 33 =========== 
Main - INFO - === Training..
Main - INFO - === Validating..
Main - INFO - Epoch: 33/50, Train Loss: 0.0001259,  Valid Loss: 0.0001259
Main - INFO - =========== EPOCH: 34 =========== 
Main - INFO - === Training..
Main - INFO - === Validating..
Main - INFO - Epoch: 34/50, Train Loss: 0.0001259,  Valid Loss: 0.0001259
Main - INFO - =========== EPOCH: 35 =========== 
Main - INFO - === Training..
Main - INFO - === Validating..
Main - INFO - Epoch: 35/50, Train Loss: 0.0001259,  Valid Loss: 0.0001259
Main - INFO - =========== EPOCH: 36 =========== 
Main - INFO - === Training..
Main - INFO - === Validating..
Main - INFO - Epoch: 36/50, Train Loss: 0.0001259,  Valid Loss: 0.0001259
Main - INFO - =========== EPOCH: 37 =========== 
Main - INFO - === Training..
Main - INFO - === Validating..
Main - INFO - Epoch: 37/50, Train Loss: 0.0001259,  Valid Loss: 0.0001259
Main - INFO - =========== EPOCH: 38 =========== 
Main - INFO - === Training..
Main - INFO - === Validating..
Main - INFO - Epoch: 38/50, Train Loss: 0.0001259,  Valid Loss: 0.0001259
Main - INFO - =========== EPOCH: 39 =========== 
Main - INFO - === Training..
Main - INFO - === Validating..
Main - INFO - Epoch: 39/50, Train Loss: 0.0001259,  Valid Loss: 0.0001259
Main - INFO - =========== EPOCH: 40 =========== 
Main - INFO - === Training..
Main - INFO - === Validating..
Main - INFO - Epoch: 40/50, Train Loss: 0.0001258,  Valid Loss: 0.0001258
Main - INFO - =========== EPOCH: 41 =========== 
Main - INFO - === Training..
Main - INFO - === Validating..
Main - INFO - Epoch: 41/50, Train Loss: 0.0001258,  Valid Loss: 0.0001258
Main - INFO - =========== EPOCH: 42 =========== 
Main - INFO - === Training..
Main - INFO - === Validating..
Main - INFO - Epoch: 42/50, Train Loss: 0.0001258,  Valid Loss: 0.0001258
Main - INFO - =========== EPOCH: 43 =========== 
Main - INFO - === Training..
Main - INFO - === Validating..
Main - INFO - Epoch: 43/50, Train Loss: 0.0001258,  Valid Loss: 0.0001258
Main - INFO - =========== EPOCH: 44 =========== 
Main - INFO - === Training..
Main - INFO - === Validating..
Main - INFO - Epoch: 44/50, Train Loss: 0.0001258,  Valid Loss: 0.0001258
Main - INFO - =========== EPOCH: 45 =========== 
Main - INFO - === Training..
Main - INFO - === Validating..
Main - INFO - Epoch: 45/50, Train Loss: 0.0001258,  Valid Loss: 0.0001258
Main - INFO - =========== EPOCH: 46 =========== 
Main - INFO - === Training..
Main - INFO - === Validating..
Main - INFO - Epoch: 46/50, Train Loss: 0.0001258,  Valid Loss: 0.0001258
Main - INFO - =========== EPOCH: 47 =========== 
Main - INFO - === Training..
Main - INFO - === Validating..
Main - INFO - Epoch: 47/50, Train Loss: 0.0001258,  Valid Loss: 0.0001258
Main - INFO - =========== EPOCH: 48 =========== 
Main - INFO - === Training..
Main - INFO - === Validating..
Main - INFO - Epoch: 48/50, Train Loss: 0.0001257,  Valid Loss: 0.0001257
Main - INFO - =========== EPOCH: 49 =========== 
Main - INFO - === Training..
Main - INFO - === Validating..
Main - INFO - Epoch: 49/50, Train Loss: 0.0001257,  Valid Loss: 0.0001257
Main - INFO - Results saved to: /dtu-compute/mibaj/Golden-car-simulation-August-2020/results/windowsize_10_speedrange_40_40.5_LSTM_encoder_decoder_acc_attn_cuda
