Main - INFO - ======= SETUP =======
Main - INFO - Input dir is: /dtu-compute/mibaj/Golden-car-simulation-August-2020/train-val-test-normalized-split-into-windows-size-5
Main - INFO - Output dir is: /dtu-compute/mibaj/Golden-car-simulation-August-2020/results/windowsize_5_speedrange_40_40.5_LSTM_encoder_decoder_acc_attn_cuda_attn_general_defheight_0_500_defhwidth_0_500
Main - INFO - Device: cuda
Main - INFO - Model type: lstm_encdec_with_attn
Main - INFO - Window size: 5
Main - INFO - Speed selection: [40, 40.5]
Main - INFO - Defect width selection: [0, 500]
Main - INFO - Defect height selection: [0, 500]
Main - INFO - ====================

Main - INFO - Starting preparing the data.

Main - INFO - Data preparing done.

Main - INFO - =========== EPOCH: 0 =========== 
Main - INFO - === Training..
Main - INFO - === Validating..
Main - INFO - Epoch: 0/100, Train Loss: 0.0006554,  Valid Loss: 0.0006554
Main - INFO - =========== EPOCH: 1 =========== 
Main - INFO - === Training..
Main - INFO - === Validating..
Main - INFO - Epoch: 1/100, Train Loss: 0.0001085,  Valid Loss: 0.0001085
Main - INFO - =========== EPOCH: 2 =========== 
Main - INFO - === Training..
Main - INFO - === Validating..
Main - INFO - Epoch: 2/100, Train Loss: 0.0000830,  Valid Loss: 0.0000830
Main - INFO - =========== EPOCH: 3 =========== 
Main - INFO - === Training..
Main - INFO - === Validating..
Main - INFO - Epoch: 3/100, Train Loss: 0.0000652,  Valid Loss: 0.0000652
Main - INFO - =========== EPOCH: 4 =========== 
Main - INFO - === Training..
Main - INFO - === Validating..
Main - INFO - Epoch: 4/100, Train Loss: 0.0000588,  Valid Loss: 0.0000588
Main - INFO - =========== EPOCH: 5 =========== 
Main - INFO - === Training..
Main - INFO - === Validating..
Main - INFO - Epoch: 5/100, Train Loss: 0.0000596,  Valid Loss: 0.0000596
Main - INFO - =========== EPOCH: 6 =========== 
Main - INFO - === Training..
Main - INFO - === Validating..
Main - INFO - Epoch: 6/100, Train Loss: 0.0000584,  Valid Loss: 0.0000584
Main - INFO - =========== EPOCH: 7 =========== 
Main - INFO - === Training..
Main - INFO - === Validating..
Main - INFO - Epoch: 7/100, Train Loss: 0.0000583,  Valid Loss: 0.0000583
Main - INFO - =========== EPOCH: 8 =========== 
Main - INFO - === Training..
Main - INFO - === Validating..
Main - INFO - Epoch: 8/100, Train Loss: 0.0000582,  Valid Loss: 0.0000582
Main - INFO - =========== EPOCH: 9 =========== 
Main - INFO - === Training..
Main - INFO - === Validating..
Main - INFO - Epoch: 9/100, Train Loss: 0.0000580,  Valid Loss: 0.0000580
Main - INFO - =========== EPOCH: 10 =========== 
Main - INFO - === Training..
Main - INFO - === Validating..
Main - INFO - Epoch: 10/100, Train Loss: 0.0000573,  Valid Loss: 0.0000573
Main - INFO - =========== EPOCH: 11 =========== 
Main - INFO - === Training..
Main - INFO - === Validating..
Main - INFO - Epoch: 11/100, Train Loss: 0.0000576,  Valid Loss: 0.0000576
Main - INFO - =========== EPOCH: 12 =========== 
Main - INFO - === Training..
Main - INFO - === Validating..
Main - INFO - Epoch: 12/100, Train Loss: 0.0000580,  Valid Loss: 0.0000580
Main - INFO - =========== EPOCH: 13 =========== 
Main - INFO - === Training..
Main - INFO - === Validating..
Main - INFO - Epoch: 13/100, Train Loss: 0.0000576,  Valid Loss: 0.0000576
Main - INFO - =========== EPOCH: 14 =========== 
Main - INFO - === Training..
Main - INFO - === Validating..
Main - INFO - Epoch: 14/100, Train Loss: 0.0000576,  Valid Loss: 0.0000576
Main - INFO - =========== EPOCH: 15 =========== 
Main - INFO - === Training..
Main - INFO - === Validating..
Main - INFO - Epoch: 15/100, Train Loss: 0.0000578,  Valid Loss: 0.0000578
Main - INFO - =========== EPOCH: 16 =========== 
Main - INFO - === Training..
Main - INFO - === Validating..
Main - INFO - Epoch: 16/100, Train Loss: 0.0000579,  Valid Loss: 0.0000579
Main - INFO - =========== EPOCH: 17 =========== 
Main - INFO - === Training..
Main - INFO - === Validating..
Main - INFO - Epoch: 17/100, Train Loss: 0.0000577,  Valid Loss: 0.0000577
Main - INFO - =========== EPOCH: 18 =========== 
Main - INFO - === Training..
Main - INFO - === Validating..
Main - INFO - Epoch: 18/100, Train Loss: 0.0000578,  Valid Loss: 0.0000578
Main - INFO - =========== EPOCH: 19 =========== 
Main - INFO - === Training..
Main - INFO - === Validating..
Main - INFO - Epoch: 19/100, Train Loss: 0.0000575,  Valid Loss: 0.0000575
Main - INFO - =========== EPOCH: 20 =========== 
Main - INFO - === Training..
Main - INFO - === Validating..
Main - INFO - Epoch: 20/100, Train Loss: 0.0000572,  Valid Loss: 0.0000572
Main - INFO - =========== EPOCH: 21 =========== 
Main - INFO - === Training..
Main - INFO - === Validating..
Main - INFO - Epoch: 21/100, Train Loss: 0.0000573,  Valid Loss: 0.0000573
Main - INFO - =========== EPOCH: 22 =========== 
Main - INFO - === Training..
Main - INFO - === Validating..
Main - INFO - Epoch: 22/100, Train Loss: 0.0000568,  Valid Loss: 0.0000568
Main - INFO - =========== EPOCH: 23 =========== 
Main - INFO - === Training..
Main - INFO - === Validating..
Main - INFO - Epoch: 23/100, Train Loss: 0.0000568,  Valid Loss: 0.0000568
Main - INFO - =========== EPOCH: 24 =========== 
Main - INFO - === Training..
Main - INFO - === Validating..
Main - INFO - Epoch: 24/100, Train Loss: 0.0000569,  Valid Loss: 0.0000569
Main - INFO - =========== EPOCH: 25 =========== 
Main - INFO - === Training..
Main - INFO - === Validating..
Main - INFO - Epoch: 25/100, Train Loss: 0.0000578,  Valid Loss: 0.0000578
Main - INFO - =========== EPOCH: 26 =========== 
Main - INFO - === Training..
Main - INFO - === Validating..
Main - INFO - Epoch: 26/100, Train Loss: 0.0000568,  Valid Loss: 0.0000568
Main - INFO - =========== EPOCH: 27 =========== 
Main - INFO - === Training..
Main - INFO - === Validating..
Main - INFO - Epoch: 27/100, Train Loss: 0.0000575,  Valid Loss: 0.0000575
Main - INFO - =========== EPOCH: 28 =========== 
Main - INFO - === Training..
Main - INFO - === Validating..
Main - INFO - Epoch: 28/100, Train Loss: 0.0000572,  Valid Loss: 0.0000572
Main - INFO - =========== EPOCH: 29 =========== 
Main - INFO - === Training..
Main - INFO - === Validating..
Main - INFO - Epoch: 29/100, Train Loss: 0.0000569,  Valid Loss: 0.0000569
Main - INFO - =========== EPOCH: 30 =========== 
Main - INFO - === Training..
Main - INFO - === Validating..
Main - INFO - Epoch: 30/100, Train Loss: 0.0000570,  Valid Loss: 0.0000570
Main - INFO - =========== EPOCH: 31 =========== 
Main - INFO - === Training..
Main - INFO - === Validating..
Main - INFO - Epoch: 31/100, Train Loss: 0.0000571,  Valid Loss: 0.0000571
Main - INFO - =========== EPOCH: 32 =========== 
Main - INFO - === Training..
Main - INFO - === Validating..
Main - INFO - Epoch: 32/100, Train Loss: 0.0000569,  Valid Loss: 0.0000569
Main - INFO - =========== EPOCH: 33 =========== 
Main - INFO - === Training..
Main - INFO - === Validating..
Main - INFO - Epoch: 33/100, Train Loss: 0.0000573,  Valid Loss: 0.0000573
Main - INFO - =========== EPOCH: 34 =========== 
Main - INFO - === Training..
Main - INFO - === Validating..
Main - INFO - Epoch: 34/100, Train Loss: 0.0000570,  Valid Loss: 0.0000570
Main - INFO - =========== EPOCH: 35 =========== 
Main - INFO - === Training..
Main - INFO - === Validating..
Main - INFO - Epoch: 35/100, Train Loss: 0.0000573,  Valid Loss: 0.0000573
Main - INFO - =========== EPOCH: 36 =========== 
Main - INFO - === Training..
Main - INFO - === Validating..
Main - INFO - Epoch: 36/100, Train Loss: 0.0000571,  Valid Loss: 0.0000571
Main - INFO - =========== EPOCH: 37 =========== 
Main - INFO - === Training..
Main - INFO - === Validating..
Main - INFO - Epoch: 37/100, Train Loss: 0.0000569,  Valid Loss: 0.0000569
Main - INFO - =========== EPOCH: 38 =========== 
Main - INFO - === Training..
Main - INFO - === Validating..
Main - INFO - Epoch: 38/100, Train Loss: 0.0000569,  Valid Loss: 0.0000569
Main - INFO - =========== EPOCH: 39 =========== 
Main - INFO - === Training..
Main - INFO - === Validating..
Main - INFO - Epoch: 39/100, Train Loss: 0.0000570,  Valid Loss: 0.0000570
Main - INFO - =========== EPOCH: 40 =========== 
Main - INFO - === Training..
Main - INFO - === Validating..
Main - INFO - Epoch: 40/100, Train Loss: 0.0000575,  Valid Loss: 0.0000575
Main - INFO - =========== EPOCH: 41 =========== 
Main - INFO - === Training..
Main - INFO - === Validating..
Main - INFO - Epoch: 41/100, Train Loss: 0.0000567,  Valid Loss: 0.0000567
Main - INFO - =========== EPOCH: 42 =========== 
Main - INFO - === Training..
Main - INFO - === Validating..
Main - INFO - Epoch: 42/100, Train Loss: 0.0000572,  Valid Loss: 0.0000572
Main - INFO - =========== EPOCH: 43 =========== 
Main - INFO - === Training..
Main - INFO - === Validating..
Main - INFO - Epoch: 43/100, Train Loss: 0.0000569,  Valid Loss: 0.0000569
Main - INFO - =========== EPOCH: 44 =========== 
Main - INFO - === Training..
Main - INFO - === Validating..
Main - INFO - Epoch: 44/100, Train Loss: 0.0000574,  Valid Loss: 0.0000574
Main - INFO - =========== EPOCH: 45 =========== 
Main - INFO - === Training..
Main - INFO - === Validating..
Main - INFO - Epoch: 45/100, Train Loss: 0.0000574,  Valid Loss: 0.0000574
Main - INFO - =========== EPOCH: 46 =========== 
Main - INFO - === Training..
Main - INFO - === Validating..
Main - INFO - Epoch: 46/100, Train Loss: 0.0000571,  Valid Loss: 0.0000571
Main - INFO - =========== EPOCH: 47 =========== 
Main - INFO - === Training..
Main - INFO - === Validating..
Main - INFO - Epoch: 47/100, Train Loss: 0.0000567,  Valid Loss: 0.0000567
Main - INFO - =========== EPOCH: 48 =========== 
Main - INFO - === Training..
Main - INFO - === Validating..
Main - INFO - Epoch: 48/100, Train Loss: 0.0000569,  Valid Loss: 0.0000569
Main - INFO - =========== EPOCH: 49 =========== 
Main - INFO - === Training..
Main - INFO - === Validating..
Main - INFO - Epoch: 49/100, Train Loss: 0.0000571,  Valid Loss: 0.0000571
Main - INFO - =========== EPOCH: 50 =========== 
Main - INFO - === Training..
Main - INFO - === Validating..
Main - INFO - Early stopping
Main - INFO - Epoch: 50/100, Train Loss: 0.000057,  Valid Loss: 0.000057
Main - INFO - Results saved to: /dtu-compute/mibaj/Golden-car-simulation-August-2020/results/windowsize_5_speedrange_40_40.5_LSTM_encoder_decoder_acc_attn_cuda_attn_general_defheight_0_500_defhwidth_0_500
