Main - INFO - ======= SETUP =======
Main - INFO - Input dir is: /dtu-compute/mibaj/Golden-car-simulation-August-2020/train-val-test-normalized-split-into-windows-size-5
Main - INFO - Output dir is: /dtu-compute/mibaj/Golden-car-simulation-August-2020/results/windowsize_5_speedrange_40_40.5_LSTM_encoder_decoder_acc_attn_cuda_attn_dot_defheight_0_500_defhwidth_0_500
Main - INFO - Device: cuda
Main - INFO - Model type: lstm_encdec_with_attn
Main - INFO - Window size: 5
Main - INFO - Speed selection: [40, 40.5]
Main - INFO - Defect width selection: [0, 500]
Main - INFO - Defect height selection: [0, 500]
Main - INFO - ====================

Main - INFO - Starting preparing the data.

Main - INFO - Data preparing done.

Main - INFO - =========== EPOCH: 0 =========== 
Main - INFO - === Training..
Main - INFO - === Validating..
Main - INFO - Epoch: 0/100, Train Loss: 0.0017634,  Valid Loss: 0.0017634
Main - INFO - =========== EPOCH: 1 =========== 
Main - INFO - === Training..
Main - INFO - === Validating..
Main - INFO - Epoch: 1/100, Train Loss: 0.0001382,  Valid Loss: 0.0001382
Main - INFO - =========== EPOCH: 2 =========== 
Main - INFO - === Training..
Main - INFO - === Validating..
Main - INFO - Epoch: 2/100, Train Loss: 0.0001576,  Valid Loss: 0.0001576
Main - INFO - =========== EPOCH: 3 =========== 
Main - INFO - === Training..
Main - INFO - === Validating..
Main - INFO - Epoch: 3/100, Train Loss: 0.0000850,  Valid Loss: 0.0000850
Main - INFO - =========== EPOCH: 4 =========== 
Main - INFO - === Training..
Main - INFO - === Validating..
Main - INFO - Epoch: 4/100, Train Loss: 0.0000817,  Valid Loss: 0.0000817
Main - INFO - =========== EPOCH: 5 =========== 
Main - INFO - === Training..
Main - INFO - === Validating..
Main - INFO - Epoch: 5/100, Train Loss: 0.0000759,  Valid Loss: 0.0000759
Main - INFO - =========== EPOCH: 6 =========== 
Main - INFO - === Training..
Main - INFO - === Validating..
Main - INFO - Epoch: 6/100, Train Loss: 0.0000745,  Valid Loss: 0.0000745
Main - INFO - =========== EPOCH: 7 =========== 
Main - INFO - === Training..
Main - INFO - === Validating..
Main - INFO - Epoch: 7/100, Train Loss: 0.0000731,  Valid Loss: 0.0000731
Main - INFO - =========== EPOCH: 8 =========== 
Main - INFO - === Training..
Main - INFO - === Validating..
Main - INFO - Epoch: 8/100, Train Loss: 0.0000724,  Valid Loss: 0.0000724
Main - INFO - =========== EPOCH: 9 =========== 
Main - INFO - === Training..
Main - INFO - === Validating..
Main - INFO - Epoch: 9/100, Train Loss: 0.0000717,  Valid Loss: 0.0000717
Main - INFO - =========== EPOCH: 10 =========== 
Main - INFO - === Training..
Main - INFO - === Validating..
Main - INFO - Epoch: 10/100, Train Loss: 0.0000700,  Valid Loss: 0.0000700
Main - INFO - =========== EPOCH: 11 =========== 
Main - INFO - === Training..
Main - INFO - === Validating..
Main - INFO - Epoch: 11/100, Train Loss: 0.0000692,  Valid Loss: 0.0000692
Main - INFO - =========== EPOCH: 12 =========== 
Main - INFO - === Training..
Main - INFO - === Validating..
Main - INFO - Epoch: 12/100, Train Loss: 0.0000685,  Valid Loss: 0.0000685
Main - INFO - =========== EPOCH: 13 =========== 
Main - INFO - === Training..
Main - INFO - === Validating..
Main - INFO - Epoch: 13/100, Train Loss: 0.0000683,  Valid Loss: 0.0000683
Main - INFO - =========== EPOCH: 14 =========== 
Main - INFO - === Training..
Main - INFO - === Validating..
Main - INFO - Epoch: 14/100, Train Loss: 0.0000674,  Valid Loss: 0.0000674
Main - INFO - =========== EPOCH: 15 =========== 
Main - INFO - === Training..
Main - INFO - === Validating..
Main - INFO - Epoch: 15/100, Train Loss: 0.0000662,  Valid Loss: 0.0000662
Main - INFO - =========== EPOCH: 16 =========== 
Main - INFO - === Training..
Main - INFO - === Validating..
Main - INFO - Epoch: 16/100, Train Loss: 0.0000653,  Valid Loss: 0.0000653
Main - INFO - =========== EPOCH: 17 =========== 
Main - INFO - === Training..
Main - INFO - === Validating..
Main - INFO - Epoch: 17/100, Train Loss: 0.0000651,  Valid Loss: 0.0000651
Main - INFO - =========== EPOCH: 18 =========== 
Main - INFO - === Training..
Main - INFO - === Validating..
Main - INFO - Epoch: 18/100, Train Loss: 0.0000637,  Valid Loss: 0.0000637
Main - INFO - =========== EPOCH: 19 =========== 
Main - INFO - === Training..
Main - INFO - === Validating..
Main - INFO - Epoch: 19/100, Train Loss: 0.0000636,  Valid Loss: 0.0000636
Main - INFO - =========== EPOCH: 20 =========== 
Main - INFO - === Training..
Main - INFO - === Validating..
Main - INFO - Epoch: 20/100, Train Loss: 0.0000628,  Valid Loss: 0.0000628
Main - INFO - =========== EPOCH: 21 =========== 
Main - INFO - === Training..
Main - INFO - === Validating..
Main - INFO - Epoch: 21/100, Train Loss: 0.0000625,  Valid Loss: 0.0000625
Main - INFO - =========== EPOCH: 22 =========== 
Main - INFO - === Training..
Main - INFO - === Validating..
Main - INFO - Epoch: 22/100, Train Loss: 0.0000619,  Valid Loss: 0.0000619
Main - INFO - =========== EPOCH: 23 =========== 
Main - INFO - === Training..
Main - INFO - === Validating..
Main - INFO - Epoch: 23/100, Train Loss: 0.0000614,  Valid Loss: 0.0000614
Main - INFO - =========== EPOCH: 24 =========== 
Main - INFO - === Training..
Main - INFO - === Validating..
Main - INFO - Epoch: 24/100, Train Loss: 0.0000611,  Valid Loss: 0.0000611
Main - INFO - =========== EPOCH: 25 =========== 
Main - INFO - === Training..
Main - INFO - === Validating..
Main - INFO - Epoch: 25/100, Train Loss: 0.0000609,  Valid Loss: 0.0000609
Main - INFO - =========== EPOCH: 26 =========== 
Main - INFO - === Training..
Main - INFO - === Validating..
Main - INFO - Epoch: 26/100, Train Loss: 0.0000597,  Valid Loss: 0.0000597
Main - INFO - =========== EPOCH: 27 =========== 
Main - INFO - === Training..
Main - INFO - === Validating..
Main - INFO - Epoch: 27/100, Train Loss: 0.0000604,  Valid Loss: 0.0000604
Main - INFO - =========== EPOCH: 28 =========== 
Main - INFO - === Training..
Main - INFO - === Validating..
Main - INFO - Epoch: 28/100, Train Loss: 0.0000599,  Valid Loss: 0.0000599
Main - INFO - =========== EPOCH: 29 =========== 
Main - INFO - === Training..
Main - INFO - === Validating..
Main - INFO - Epoch: 29/100, Train Loss: 0.0000596,  Valid Loss: 0.0000596
Main - INFO - =========== EPOCH: 30 =========== 
Main - INFO - === Training..
Main - INFO - === Validating..
Main - INFO - Epoch: 30/100, Train Loss: 0.0000596,  Valid Loss: 0.0000596
Main - INFO - =========== EPOCH: 31 =========== 
Main - INFO - === Training..
Main - INFO - === Validating..
Main - INFO - Epoch: 31/100, Train Loss: 0.0000593,  Valid Loss: 0.0000593
Main - INFO - =========== EPOCH: 32 =========== 
Main - INFO - === Training..
Main - INFO - === Validating..
Main - INFO - Epoch: 32/100, Train Loss: 0.0000595,  Valid Loss: 0.0000595
Main - INFO - =========== EPOCH: 33 =========== 
Main - INFO - === Training..
Main - INFO - === Validating..
Main - INFO - Epoch: 33/100, Train Loss: 0.0000591,  Valid Loss: 0.0000591
Main - INFO - =========== EPOCH: 34 =========== 
Main - INFO - === Training..
Main - INFO - === Validating..
Main - INFO - Epoch: 34/100, Train Loss: 0.0000594,  Valid Loss: 0.0000594
Main - INFO - =========== EPOCH: 35 =========== 
Main - INFO - === Training..
Main - INFO - === Validating..
Main - INFO - Epoch: 35/100, Train Loss: 0.0000595,  Valid Loss: 0.0000595
Main - INFO - =========== EPOCH: 36 =========== 
Main - INFO - === Training..
Main - INFO - === Validating..
Main - INFO - Epoch: 36/100, Train Loss: 0.0000591,  Valid Loss: 0.0000591
Main - INFO - =========== EPOCH: 37 =========== 
Main - INFO - === Training..
Main - INFO - === Validating..
Main - INFO - Epoch: 37/100, Train Loss: 0.0000597,  Valid Loss: 0.0000597
Main - INFO - =========== EPOCH: 38 =========== 
Main - INFO - === Training..
Main - INFO - === Validating..
Main - INFO - Epoch: 38/100, Train Loss: 0.0000599,  Valid Loss: 0.0000599
Main - INFO - =========== EPOCH: 39 =========== 
Main - INFO - === Training..
Main - INFO - === Validating..
Main - INFO - Epoch: 39/100, Train Loss: 0.0000593,  Valid Loss: 0.0000593
Main - INFO - =========== EPOCH: 40 =========== 
Main - INFO - === Training..
Main - INFO - === Validating..
Main - INFO - Epoch: 40/100, Train Loss: 0.0000591,  Valid Loss: 0.0000591
Main - INFO - =========== EPOCH: 41 =========== 
Main - INFO - === Training..
Main - INFO - === Validating..
Main - INFO - Epoch: 41/100, Train Loss: 0.0000596,  Valid Loss: 0.0000596
Main - INFO - =========== EPOCH: 42 =========== 
Main - INFO - === Training..
Main - INFO - === Validating..
Main - INFO - Epoch: 42/100, Train Loss: 0.0000589,  Valid Loss: 0.0000589
Main - INFO - =========== EPOCH: 43 =========== 
Main - INFO - === Training..
Main - INFO - === Validating..
Main - INFO - Epoch: 43/100, Train Loss: 0.0000590,  Valid Loss: 0.0000590
Main - INFO - =========== EPOCH: 44 =========== 
Main - INFO - === Training..
Main - INFO - === Validating..
Main - INFO - Epoch: 44/100, Train Loss: 0.0000599,  Valid Loss: 0.0000599
Main - INFO - =========== EPOCH: 45 =========== 
Main - INFO - === Training..
Main - INFO - === Validating..
Main - INFO - Epoch: 45/100, Train Loss: 0.0000591,  Valid Loss: 0.0000591
Main - INFO - =========== EPOCH: 46 =========== 
Main - INFO - === Training..
Main - INFO - === Validating..
Main - INFO - Epoch: 46/100, Train Loss: 0.0000594,  Valid Loss: 0.0000594
Main - INFO - =========== EPOCH: 47 =========== 
Main - INFO - === Training..
Main - INFO - === Validating..
Main - INFO - Epoch: 47/100, Train Loss: 0.0000588,  Valid Loss: 0.0000588
Main - INFO - =========== EPOCH: 48 =========== 
Main - INFO - === Training..
Main - INFO - === Validating..
Main - INFO - Epoch: 48/100, Train Loss: 0.0000594,  Valid Loss: 0.0000594
Main - INFO - =========== EPOCH: 49 =========== 
Main - INFO - === Training..
Main - INFO - === Validating..
Main - INFO - Epoch: 49/100, Train Loss: 0.0000593,  Valid Loss: 0.0000593
Main - INFO - =========== EPOCH: 50 =========== 
Main - INFO - === Training..
Main - INFO - === Validating..
Main - INFO - Epoch: 50/100, Train Loss: 0.0000587,  Valid Loss: 0.0000587
Main - INFO - =========== EPOCH: 51 =========== 
Main - INFO - === Training..
Main - INFO - === Validating..
Main - INFO - Epoch: 51/100, Train Loss: 0.0000590,  Valid Loss: 0.0000590
Main - INFO - =========== EPOCH: 52 =========== 
Main - INFO - === Training..
Main - INFO - === Validating..
Main - INFO - Epoch: 52/100, Train Loss: 0.0000590,  Valid Loss: 0.0000590
Main - INFO - =========== EPOCH: 53 =========== 
Main - INFO - === Training..
Main - INFO - === Validating..
Main - INFO - Epoch: 53/100, Train Loss: 0.0000587,  Valid Loss: 0.0000587
Main - INFO - =========== EPOCH: 54 =========== 
Main - INFO - === Training..
Main - INFO - === Validating..
Main - INFO - Epoch: 54/100, Train Loss: 0.0000592,  Valid Loss: 0.0000592
Main - INFO - =========== EPOCH: 55 =========== 
Main - INFO - === Training..
Main - INFO - === Validating..
Main - INFO - Epoch: 55/100, Train Loss: 0.0000591,  Valid Loss: 0.0000591
Main - INFO - =========== EPOCH: 56 =========== 
Main - INFO - === Training..
Main - INFO - === Validating..
Main - INFO - Epoch: 56/100, Train Loss: 0.0000584,  Valid Loss: 0.0000584
Main - INFO - =========== EPOCH: 57 =========== 
Main - INFO - === Training..
Main - INFO - === Validating..
Main - INFO - Epoch: 57/100, Train Loss: 0.0000581,  Valid Loss: 0.0000581
Main - INFO - =========== EPOCH: 58 =========== 
Main - INFO - === Training..
Main - INFO - === Validating..
Main - INFO - Epoch: 58/100, Train Loss: 0.0000588,  Valid Loss: 0.0000588
Main - INFO - =========== EPOCH: 59 =========== 
Main - INFO - === Training..
Main - INFO - === Validating..
Main - INFO - Epoch: 59/100, Train Loss: 0.0000589,  Valid Loss: 0.0000589
Main - INFO - =========== EPOCH: 60 =========== 
Main - INFO - === Training..
Main - INFO - === Validating..
Main - INFO - Epoch: 60/100, Train Loss: 0.0000594,  Valid Loss: 0.0000594
Main - INFO - =========== EPOCH: 61 =========== 
Main - INFO - === Training..
Main - INFO - === Validating..
Main - INFO - Epoch: 61/100, Train Loss: 0.0000588,  Valid Loss: 0.0000588
Main - INFO - =========== EPOCH: 62 =========== 
Main - INFO - === Training..
Main - INFO - === Validating..
Main - INFO - Epoch: 62/100, Train Loss: 0.0000591,  Valid Loss: 0.0000591
Main - INFO - =========== EPOCH: 63 =========== 
Main - INFO - === Training..
Main - INFO - === Validating..
Main - INFO - Epoch: 63/100, Train Loss: 0.0000587,  Valid Loss: 0.0000587
Main - INFO - =========== EPOCH: 64 =========== 
Main - INFO - === Training..
Main - INFO - === Validating..
Main - INFO - Epoch: 64/100, Train Loss: 0.0000585,  Valid Loss: 0.0000585
Main - INFO - =========== EPOCH: 65 =========== 
Main - INFO - === Training..
Main - INFO - === Validating..
Main - INFO - Epoch: 65/100, Train Loss: 0.0000587,  Valid Loss: 0.0000587
Main - INFO - =========== EPOCH: 66 =========== 
Main - INFO - === Training..
Main - INFO - === Validating..
Main - INFO - Epoch: 66/100, Train Loss: 0.0000592,  Valid Loss: 0.0000592
Main - INFO - =========== EPOCH: 67 =========== 
Main - INFO - === Training..
Main - INFO - === Validating..
Main - INFO - Epoch: 67/100, Train Loss: 0.0000586,  Valid Loss: 0.0000586
Main - INFO - =========== EPOCH: 68 =========== 
Main - INFO - === Training..
Main - INFO - === Validating..
Main - INFO - Epoch: 68/100, Train Loss: 0.0000586,  Valid Loss: 0.0000586
Main - INFO - =========== EPOCH: 69 =========== 
Main - INFO - === Training..
Main - INFO - === Validating..
Main - INFO - Epoch: 69/100, Train Loss: 0.0000584,  Valid Loss: 0.0000584
Main - INFO - =========== EPOCH: 70 =========== 
Main - INFO - === Training..
Main - INFO - === Validating..
Main - INFO - Epoch: 70/100, Train Loss: 0.0000584,  Valid Loss: 0.0000584
Main - INFO - =========== EPOCH: 71 =========== 
Main - INFO - === Training..
Main - INFO - === Validating..
Main - INFO - Epoch: 71/100, Train Loss: 0.0000588,  Valid Loss: 0.0000588
Main - INFO - =========== EPOCH: 72 =========== 
Main - INFO - === Training..
Main - INFO - === Validating..
Main - INFO - Epoch: 72/100, Train Loss: 0.0000587,  Valid Loss: 0.0000587
Main - INFO - =========== EPOCH: 73 =========== 
Main - INFO - === Training..
Main - INFO - === Validating..
Main - INFO - Epoch: 73/100, Train Loss: 0.0000590,  Valid Loss: 0.0000590
Main - INFO - =========== EPOCH: 74 =========== 
Main - INFO - === Training..
Main - INFO - === Validating..
Main - INFO - Epoch: 74/100, Train Loss: 0.0000590,  Valid Loss: 0.0000590
Main - INFO - =========== EPOCH: 75 =========== 
Main - INFO - === Training..
Main - INFO - === Validating..
Main - INFO - Epoch: 75/100, Train Loss: 0.0000588,  Valid Loss: 0.0000588
Main - INFO - =========== EPOCH: 76 =========== 
Main - INFO - === Training..
Main - INFO - === Validating..
Main - INFO - Epoch: 76/100, Train Loss: 0.0000589,  Valid Loss: 0.0000589
Main - INFO - =========== EPOCH: 77 =========== 
Main - INFO - === Training..
Main - INFO - === Validating..
Main - INFO - Epoch: 77/100, Train Loss: 0.0000584,  Valid Loss: 0.0000584
Main - INFO - =========== EPOCH: 78 =========== 
Main - INFO - === Training..
Main - INFO - === Validating..
Main - INFO - Epoch: 78/100, Train Loss: 0.0000582,  Valid Loss: 0.0000582
Main - INFO - =========== EPOCH: 79 =========== 
Main - INFO - === Training..
Main - INFO - === Validating..
Main - INFO - Epoch: 79/100, Train Loss: 0.0000585,  Valid Loss: 0.0000585
Main - INFO - =========== EPOCH: 80 =========== 
Main - INFO - === Training..
Main - INFO - === Validating..
Main - INFO - Epoch: 80/100, Train Loss: 0.0000587,  Valid Loss: 0.0000587
Main - INFO - =========== EPOCH: 81 =========== 
Main - INFO - === Training..
Main - INFO - === Validating..
Main - INFO - Epoch: 81/100, Train Loss: 0.0000589,  Valid Loss: 0.0000589
Main - INFO - =========== EPOCH: 82 =========== 
Main - INFO - === Training..
Main - INFO - === Validating..
Main - INFO - Epoch: 82/100, Train Loss: 0.0000588,  Valid Loss: 0.0000588
Main - INFO - =========== EPOCH: 83 =========== 
Main - INFO - === Training..
Main - INFO - === Validating..
Main - INFO - Epoch: 83/100, Train Loss: 0.0000585,  Valid Loss: 0.0000585
Main - INFO - =========== EPOCH: 84 =========== 
Main - INFO - === Training..
Main - INFO - === Validating..
Main - INFO - Epoch: 84/100, Train Loss: 0.0000585,  Valid Loss: 0.0000585
Main - INFO - =========== EPOCH: 85 =========== 
Main - INFO - === Training..
Main - INFO - === Validating..
Main - INFO - Epoch: 85/100, Train Loss: 0.0000586,  Valid Loss: 0.0000586
Main - INFO - =========== EPOCH: 86 =========== 
Main - INFO - === Training..
Main - INFO - === Validating..
Main - INFO - Epoch: 86/100, Train Loss: 0.0000591,  Valid Loss: 0.0000591
Main - INFO - =========== EPOCH: 87 =========== 
Main - INFO - === Training..
Main - INFO - === Validating..
Main - INFO - Epoch: 87/100, Train Loss: 0.0000583,  Valid Loss: 0.0000583
Main - INFO - =========== EPOCH: 88 =========== 
Main - INFO - === Training..
Main - INFO - === Validating..
Main - INFO - Epoch: 88/100, Train Loss: 0.0000589,  Valid Loss: 0.0000589
Main - INFO - =========== EPOCH: 89 =========== 
Main - INFO - === Training..
Main - INFO - === Validating..
Main - INFO - Epoch: 89/100, Train Loss: 0.0000585,  Valid Loss: 0.0000585
Main - INFO - =========== EPOCH: 90 =========== 
Main - INFO - === Training..
Main - INFO - === Validating..
Main - INFO - Epoch: 90/100, Train Loss: 0.0000586,  Valid Loss: 0.0000586
Main - INFO - =========== EPOCH: 91 =========== 
Main - INFO - === Training..
Main - INFO - === Validating..
Main - INFO - Epoch: 91/100, Train Loss: 0.0000586,  Valid Loss: 0.0000586
Main - INFO - =========== EPOCH: 92 =========== 
Main - INFO - === Training..
Main - INFO - === Validating..
Main - INFO - Epoch: 92/100, Train Loss: 0.0000583,  Valid Loss: 0.0000583
Main - INFO - =========== EPOCH: 93 =========== 
Main - INFO - === Training..
Main - INFO - === Validating..
Main - INFO - Epoch: 93/100, Train Loss: 0.0000587,  Valid Loss: 0.0000587
Main - INFO - =========== EPOCH: 94 =========== 
Main - INFO - === Training..
Main - INFO - === Validating..
Main - INFO - Epoch: 94/100, Train Loss: 0.0000585,  Valid Loss: 0.0000585
Main - INFO - =========== EPOCH: 95 =========== 
Main - INFO - === Training..
Main - INFO - === Validating..
Main - INFO - Epoch: 95/100, Train Loss: 0.0000587,  Valid Loss: 0.0000587
Main - INFO - =========== EPOCH: 96 =========== 
Main - INFO - === Training..
Main - INFO - === Validating..
Main - INFO - Epoch: 96/100, Train Loss: 0.0000582,  Valid Loss: 0.0000582
Main - INFO - =========== EPOCH: 97 =========== 
Main - INFO - === Training..
Main - INFO - === Validating..
Main - INFO - Epoch: 97/100, Train Loss: 0.0000579,  Valid Loss: 0.0000579
Main - INFO - =========== EPOCH: 98 =========== 
Main - INFO - === Training..
Main - INFO - === Validating..
Main - INFO - Epoch: 98/100, Train Loss: 0.0000591,  Valid Loss: 0.0000591
Main - INFO - =========== EPOCH: 99 =========== 
Main - INFO - === Training..
Main - INFO - === Validating..
Main - INFO - Epoch: 99/100, Train Loss: 0.0000586,  Valid Loss: 0.0000586
Main - INFO - Results saved to: /dtu-compute/mibaj/Golden-car-simulation-August-2020/results/windowsize_5_speedrange_40_40.5_LSTM_encoder_decoder_acc_attn_cuda_attn_dot_defheight_0_500_defhwidth_0_500
